<?xml version="1.0" encoding="UTF-8"?>
<testng-results skipped="0" failed="1" total="5" passed="4">
  <reporter-output>
  </reporter-output>
  <suite name="Default suite" duration-ms="69227" started-at="2018-06-29T05:42:41Z" finished-at="2018-06-29T05:43:50Z">
    <groups>
    </groups>
    <test name="Default test" duration-ms="69227" started-at="2018-06-29T05:42:41Z" finished-at="2018-06-29T05:43:50Z">
      <class name="selenium.BingTranslator.AppTest">
        <test-method status="PASS" signature="LaunchBrowser()[pri:0, instance:selenium.BingTranslator.AppTest@4a8355dd]" name="LaunchBrowser" is-config="true" duration-ms="1552" started-at="2018-06-29T11:12:41Z" finished-at="2018-06-29T11:12:42Z">
          <reporter-output>
          </reporter-output>
        </test-method> <!-- LaunchBrowser -->
        <test-method status="PASS" signature="CheckingFirstDropdown()[pri:0, instance:selenium.BingTranslator.AppTest@4a8355dd]" name="CheckingFirstDropdown" duration-ms="778" started-at="2018-06-29T11:12:42Z" finished-at="2018-06-29T11:12:43Z">
          <reporter-output>
          </reporter-output>
        </test-method> <!-- CheckingFirstDropdown -->
        <test-method status="PASS" signature="CheckingSecondDropdown()[pri:0, instance:selenium.BingTranslator.AppTest@4a8355dd]" name="CheckingSecondDropdown" duration-ms="219" started-at="2018-06-29T11:12:43Z" finished-at="2018-06-29T11:12:43Z">
          <reporter-output>
          </reporter-output>
        </test-method> <!-- CheckingSecondDropdown -->
        <test-method status="PASS" signature="CheckingSwapButton()[pri:0, instance:selenium.BingTranslator.AppTest@4a8355dd]" name="CheckingSwapButton" duration-ms="1506" started-at="2018-06-29T11:12:43Z" finished-at="2018-06-29T11:12:45Z">
          <reporter-output>
          </reporter-output>
        </test-method> <!-- CheckingSwapButton -->
        <test-method status="PASS" signature="CheckTranslation()[pri:0, instance:selenium.BingTranslator.AppTest@4a8355dd]" name="CheckTranslation" duration-ms="2126" started-at="2018-06-29T11:12:45Z" finished-at="2018-06-29T11:12:47Z">
          <reporter-output>
          </reporter-output>
        </test-method> <!-- CheckTranslation -->
        <test-method status="FAIL" signature="CheckBoundryValueMaxLimit()[pri:0, instance:selenium.BingTranslator.AppTest@4a8355dd]" name="CheckBoundryValueMaxLimit" duration-ms="62992" started-at="2018-06-29T11:12:47Z" finished-at="2018-06-29T11:13:50Z">
          <exception class="java.lang.AssertionError">
            <message>
              <![CDATA[expected [true] but found [false]]]>
            </message>
            <full-stacktrace>
              <![CDATA[java.lang.AssertionError: expected [true] but found [false]
	at org.testng.Assert.fail(Assert.java:94)
	at org.testng.Assert.failNotEquals(Assert.java:494)
	at org.testng.Assert.assertTrue(Assert.java:42)
	at org.testng.Assert.assertTrue(Assert.java:52)
	at selenium.BingTranslator.AppTest.CheckBoundryValueMaxLimit(AppTest.java:75)
	at sun.reflect.NativeMethodAccessorImpl.invoke0(Native Method)
	at sun.reflect.NativeMethodAccessorImpl.invoke(NativeMethodAccessorImpl.java:62)
	at sun.reflect.DelegatingMethodAccessorImpl.invoke(DelegatingMethodAccessorImpl.java:43)
	at java.lang.reflect.Method.invoke(Method.java:498)
	at org.testng.internal.MethodInvocationHelper.invokeMethod(MethodInvocationHelper.java:80)
	at org.testng.internal.Invoker.invokeMethod(Invoker.java:714)
	at org.testng.internal.Invoker.invokeTestMethod(Invoker.java:901)
	at org.testng.internal.Invoker.invokeTestMethods(Invoker.java:1231)
	at org.testng.internal.TestMethodWorker.invokeTestMethods(TestMethodWorker.java:127)
	at org.testng.internal.TestMethodWorker.run(TestMethodWorker.java:111)
	at org.testng.TestRunner.privateRun(TestRunner.java:767)
	at org.testng.TestRunner.run(TestRunner.java:617)
	at org.testng.SuiteRunner.runTest(SuiteRunner.java:334)
	at org.testng.SuiteRunner.runSequentially(SuiteRunner.java:329)
	at org.testng.SuiteRunner.privateRun(SuiteRunner.java:291)
	at org.testng.SuiteRunner.run(SuiteRunner.java:240)
	at org.testng.SuiteRunnerWorker.runSuite(SuiteRunnerWorker.java:52)
	at org.testng.SuiteRunnerWorker.run(SuiteRunnerWorker.java:86)
	at org.testng.TestNG.runSuitesSequentially(TestNG.java:1198)
	at org.testng.TestNG.runSuitesLocally(TestNG.java:1123)
	at org.testng.TestNG.run(TestNG.java:1031)
	at org.testng.remote.AbstractRemoteTestNG.run(AbstractRemoteTestNG.java:114)
	at org.testng.remote.RemoteTestNG.initAndRun(RemoteTestNG.java:251)
	at org.testng.remote.RemoteTestNG.main(RemoteTestNG.java:77)
]]>
            </full-stacktrace>
          </exception> <!-- java.lang.AssertionError -->
          <reporter-output>
          </reporter-output>
        </test-method> <!-- CheckBoundryValueMaxLimit -->
        <test-method status="PASS" signature="CloseBrowser()[pri:0, instance:selenium.BingTranslator.AppTest@4a8355dd]" name="CloseBrowser" is-config="true" duration-ms="1" started-at="2018-06-29T11:13:50Z" finished-at="2018-06-29T11:13:50Z">
          <reporter-output>
          </reporter-output>
        </test-method> <!-- CloseBrowser -->
      </class> <!-- selenium.BingTranslator.AppTest -->
    </test> <!-- Default test -->
  </suite> <!-- Default suite -->
</testng-results>
