<?xml version="1.0" encoding="UTF-8"?>
<testng-results skipped="0" failed="1" total="4" passed="3">
  <reporter-output>
  </reporter-output>
  <suite name="selenium.BingTranslator.AppTest" duration-ms="6751" started-at="2018-06-28T06:27:06Z" finished-at="2018-06-28T06:27:13Z">
    <groups>
    </groups>
    <test name="Command line test" duration-ms="6751" started-at="2018-06-28T06:27:06Z" finished-at="2018-06-28T06:27:13Z">
      <class name="selenium.BingTranslator.AppTest">
        <test-method status="PASS" signature="LaunchBrowser()[pri:0, instance:selenium.BingTranslator.AppTest@1cf6d1be]" name="LaunchBrowser" is-config="true" duration-ms="2176" started-at="2018-06-28T11:57:06Z" finished-at="2018-06-28T11:57:08Z">
          <reporter-output>
          </reporter-output>
        </test-method> <!-- LaunchBrowser -->
        <test-method status="PASS" signature="CheckingFirstDropdown()[pri:0, instance:selenium.BingTranslator.AppTest@1cf6d1be]" name="CheckingFirstDropdown" duration-ms="714" started-at="2018-06-28T11:57:08Z" finished-at="2018-06-28T11:57:09Z">
          <reporter-output>
          </reporter-output>
        </test-method> <!-- CheckingFirstDropdown -->
        <test-method status="PASS" signature="CheckingSecondDropdown()[pri:0, instance:selenium.BingTranslator.AppTest@1cf6d1be]" name="CheckingSecondDropdown" duration-ms="209" started-at="2018-06-28T11:57:09Z" finished-at="2018-06-28T11:57:09Z">
          <reporter-output>
          </reporter-output>
        </test-method> <!-- CheckingSecondDropdown -->
        <test-method status="PASS" signature="CheckingSwapButton()[pri:0, instance:selenium.BingTranslator.AppTest@1cf6d1be]" name="CheckingSwapButton" duration-ms="3535" started-at="2018-06-28T11:57:09Z" finished-at="2018-06-28T11:57:13Z">
          <reporter-output>
          </reporter-output>
        </test-method> <!-- CheckingSwapButton -->
        <test-method status="FAIL" signature="CheckTranslation()[pri:0, instance:selenium.BingTranslator.AppTest@1cf6d1be]" name="CheckTranslation" duration-ms="89" started-at="2018-06-28T11:57:13Z" finished-at="2018-06-28T11:57:13Z">
          <exception class="java.lang.AssertionError">
            <message>
              <![CDATA[expected [true] but found [false]]]>
            </message>
            <full-stacktrace>
              <![CDATA[java.lang.AssertionError: expected [true] but found [false]
	at org.testng.Assert.fail(Assert.java:94)
	at org.testng.Assert.failNotEquals(Assert.java:494)
	at org.testng.Assert.assertTrue(Assert.java:42)
	at org.testng.Assert.assertTrue(Assert.java:52)
	at selenium.BingTranslator.AppTest.CheckTranslation(AppTest.java:55)
	at sun.reflect.NativeMethodAccessorImpl.invoke0(Native Method)
	at sun.reflect.NativeMethodAccessorImpl.invoke(NativeMethodAccessorImpl.java:62)
	at sun.reflect.DelegatingMethodAccessorImpl.invoke(DelegatingMethodAccessorImpl.java:43)
	at java.lang.reflect.Method.invoke(Method.java:498)
	at org.testng.internal.MethodInvocationHelper.invokeMethod(MethodInvocationHelper.java:80)
	at org.testng.internal.Invoker.invokeMethod(Invoker.java:714)
	at org.testng.internal.Invoker.invokeTestMethod(Invoker.java:901)
	at org.testng.internal.Invoker.invokeTestMethods(Invoker.java:1231)
	at org.testng.internal.TestMethodWorker.invokeTestMethods(TestMethodWorker.java:127)
	at org.testng.internal.TestMethodWorker.run(TestMethodWorker.java:111)
	at org.testng.TestRunner.privateRun(TestRunner.java:767)
	at org.testng.TestRunner.run(TestRunner.java:617)
	at org.testng.SuiteRunner.runTest(SuiteRunner.java:334)
	at org.testng.SuiteRunner.runSequentially(SuiteRunner.java:329)
	at org.testng.SuiteRunner.privateRun(SuiteRunner.java:291)
	at org.testng.SuiteRunner.run(SuiteRunner.java:240)
	at org.testng.SuiteRunnerWorker.runSuite(SuiteRunnerWorker.java:52)
	at org.testng.SuiteRunnerWorker.run(SuiteRunnerWorker.java:86)
	at org.testng.TestNG.runSuitesSequentially(TestNG.java:1198)
	at org.testng.TestNG.runSuitesLocally(TestNG.java:1123)
	at org.testng.TestNG.run(TestNG.java:1031)
	at org.apache.maven.surefire.testng.TestNGExecutor.run(TestNGExecutor.java:77)
	at org.apache.maven.surefire.testng.TestNGDirectoryTestSuite.execute(TestNGDirectoryTestSuite.java:110)
	at org.apache.maven.surefire.testng.TestNGProvider.invoke(TestNGProvider.java:106)
	at sun.reflect.NativeMethodAccessorImpl.invoke0(Native Method)
	at sun.reflect.NativeMethodAccessorImpl.invoke(NativeMethodAccessorImpl.java:62)
	at sun.reflect.DelegatingMethodAccessorImpl.invoke(DelegatingMethodAccessorImpl.java:43)
	at java.lang.reflect.Method.invoke(Method.java:498)
	at org.apache.maven.surefire.util.ReflectionUtils.invokeMethodWithArray(ReflectionUtils.java:189)
	at org.apache.maven.surefire.booter.ProviderFactory$ProviderProxy.invoke(ProviderFactory.java:165)
	at org.apache.maven.surefire.booter.ProviderFactory.invokeProvider(ProviderFactory.java:85)
	at org.apache.maven.surefire.booter.ForkedBooter.runSuitesInProcess(ForkedBooter.java:115)
	at org.apache.maven.surefire.booter.ForkedBooter.main(ForkedBooter.java:75)
]]>
            </full-stacktrace>
          </exception> <!-- java.lang.AssertionError -->
          <reporter-output>
          </reporter-output>
        </test-method> <!-- CheckTranslation -->
        <test-method status="PASS" signature="CloseBrowser()[pri:0, instance:selenium.BingTranslator.AppTest@1cf6d1be]" name="CloseBrowser" is-config="true" duration-ms="1" started-at="2018-06-28T11:57:13Z" finished-at="2018-06-28T11:57:13Z">
          <reporter-output>
          </reporter-output>
        </test-method> <!-- CloseBrowser -->
      </class> <!-- selenium.BingTranslator.AppTest -->
    </test> <!-- Command line test -->
  </suite> <!-- selenium.BingTranslator.AppTest -->
</testng-results>
