<?xml version="1.0" encoding="UTF-8"?>
<!-- Generated by org.testng.reporters.JUnitXMLReporter -->
<testsuite hostname="qainfotech-OptiPlex-755" name="Command line test" tests="4" failures="1" timestamp="28 Jun 2018 06:27:13 GMT" time="6.751" errors="0">
  <testcase name="CheckingFirstDropdown" time="0.714" classname="selenium.BingTranslator.AppTest"/>
  <testcase name="CheckingSecondDropdown" time="0.209" classname="selenium.BingTranslator.AppTest"/>
  <testcase name="CheckingSwapButton" time="3.535" classname="selenium.BingTranslator.AppTest"/>
  <testcase name="CheckTranslation" time="0.089" classname="selenium.BingTranslator.AppTest">
    <failure type="java.lang.AssertionError" message="expected [true] but found [false]">
      <![CDATA[java.lang.AssertionError: expected [true] but found [false]
	at selenium.BingTranslator.AppTest.CheckTranslation(AppTest.java:55)
	at org.apache.maven.surefire.testng.TestNGExecutor.run(TestNGExecutor.java:77)
	at org.apache.maven.surefire.testng.TestNGDirectoryTestSuite.execute(TestNGDirectoryTestSuite.java:110)
	at org.apache.maven.surefire.testng.TestNGProvider.invoke(TestNGProvider.java:106)
	at org.apache.maven.surefire.util.ReflectionUtils.invokeMethodWithArray(ReflectionUtils.java:189)
	at org.apache.maven.surefire.booter.ProviderFactory$ProviderProxy.invoke(ProviderFactory.java:165)
	at org.apache.maven.surefire.booter.ProviderFactory.invokeProvider(ProviderFactory.java:85)
	at org.apache.maven.surefire.booter.ForkedBooter.runSuitesInProcess(ForkedBooter.java:115)
	at org.apache.maven.surefire.booter.ForkedBooter.main(ForkedBooter.java:75)
... Removed 29 stack frames]]>
    </failure>
  </testcase> <!-- CheckTranslation -->
</testsuite> <!-- Command line test -->
